<?xml version="1.0" encoding="UTF-8"?>
<!-- Generated by org.testng.reporters.JUnitReportReporter -->
<testsuite hostname="DESKTOP-HNGLKMQ" failures="0" tests="1" name="Pom.RegistrationTest" time="2.865" errors="0" timestamp="2022-10-03T00:54:13 IST" skipped="0">
  <testcase classname="Pom.RegistrationTest" name="FacebookRegistrationPageTest_Positive" time="2.865"/>
  <system-out/>
</testsuite> <!-- Pom.RegistrationTest -->
