<?xml version="1.0" encoding="UTF-8"?>
<!-- Generated by org.testng.reporters.JUnitReportReporter -->
<testsuite hostname="DESKTOP-HNGLKMQ" failures="0" tests="3" name="basics.BeforeTestAndAfterTest1" time="0.025" errors="0" timestamp="2022-09-20T14:13:06 IST" skipped="0">
  <testcase classname="basics.BeforeTestAndAfterTest1" name="notificationpage" time="0.022"/>
  <system-out/>
  <testcase classname="basics.BeforeTestAndAfterTest1" name="profilepage" time="0.002"/>
  <system-out/>
  <testcase classname="basics.BeforeTestAndAfterTest1" name="homepage" time="0.001"/>
  <system-out/>
</testsuite> <!-- basics.BeforeTestAndAfterTest1 -->
