<?xml version="1.0" encoding="UTF-8"?>
<!-- Generated by org.testng.reporters.JUnitReportReporter -->
<testsuite hostname="DESKTOP-HNGLKMQ" failures="0" tests="3" name="basics.BeforeClassAndAfterClass" time="0.018" errors="0" timestamp="2022-09-21T12:33:48 IST" skipped="0">
  <testcase classname="basics.BeforeClassAndAfterClass" name="notificationpage" time="0.006"/>
  <system-out/>
  <testcase classname="basics.BeforeClassAndAfterClass" name="profilepage" time="0.004"/>
  <system-out/>
  <testcase classname="basics.BeforeClassAndAfterClass" name="homepage" time="0.008"/>
  <system-out/>
</testsuite> <!-- basics.BeforeClassAndAfterClass -->
