<?xml version="1.0" encoding="UTF-8"?>
<!-- Generated by org.testng.reporters.JUnitReportReporter -->
<testsuite hostname="DESKTOP-HNGLKMQ" failures="0" tests="1" name="GroupingInTestNG.TestCase1" time="0.006" errors="0" timestamp="2022-09-23T13:18:15 IST" skipped="0">
  <testcase classname="GroupingInTestNG.TestCase1" name="Test3" time="0.006"/>
  <system-out/>
</testsuite> <!-- GroupingInTestNG.TestCase1 -->
