<?xml version="1.0" encoding="UTF-8"?>
<!-- Generated by org.testng.reporters.JUnitReportReporter -->
<testsuite hostname="DESKTOP-HNGLKMQ" failures="0" tests="1" name="GroupingInTestNG.TestCase2" time="0.002" errors="0" timestamp="2022-09-23T13:18:15 IST" skipped="0">
  <testcase classname="GroupingInTestNG.TestCase2" name="Test6" time="0.002"/>
  <system-out/>
</testsuite> <!-- GroupingInTestNG.TestCase2 -->
