<?xml version="1.0" encoding="UTF-8"?>
<!-- Generated by org.testng.reporters.JUnitReportReporter -->
<testsuite hostname="DESKTOP-HNGLKMQ" failures="0" tests="5" name="KeywordPractice.InvocationCountWithThreadPoolSizePractice" time="68.944" errors="0" timestamp="2022-09-22T14:02:26 IST" skipped="0">
  <testcase classname="KeywordPractice.InvocationCountWithThreadPoolSizePractice" name="OpenBrowser" time="12.223"/>
  <system-out/>
  <testcase classname="KeywordPractice.InvocationCountWithThreadPoolSizePractice" name="OpenBrowser" time="14.296"/>
  <system-out/>
  <testcase classname="KeywordPractice.InvocationCountWithThreadPoolSizePractice" name="OpenBrowser" time="13.891"/>
  <system-out/>
  <testcase classname="KeywordPractice.InvocationCountWithThreadPoolSizePractice" name="OpenBrowser" time="14.236"/>
  <system-out/>
  <testcase classname="KeywordPractice.InvocationCountWithThreadPoolSizePractice" name="OpenBrowser" time="14.298"/>
  <system-out/>
</testsuite> <!-- KeywordPractice.InvocationCountWithThreadPoolSizePractice -->
