<?xml version="1.0" encoding="UTF-8"?>
<!-- Generated by org.testng.reporters.JUnitReportReporter -->
<testsuite hostname="DESKTOP-HNGLKMQ" failures="0" tests="6" name="basics.BeforetestAndAfterTest" time="0.015" errors="0" timestamp="2022-09-20T14:15:00 IST" skipped="0">
  <testcase classname="basics.BeforetestAndAfterTest" name="notificationpage" time="0.007"/>
  <system-out/>
  <testcase classname="basics.BeforetestAndAfterTest" name="notificationpage1" time="0.002"/>
  <system-out/>
  <testcase classname="basics.BeforetestAndAfterTest" name="profilepage" time="0.001"/>
  <system-out/>
  <testcase classname="basics.BeforetestAndAfterTest" name="profilepage1" time="0.001"/>
  <system-out/>
  <testcase classname="basics.BeforetestAndAfterTest" name="homepage1" time="0.003"/>
  <system-out/>
  <testcase classname="basics.BeforetestAndAfterTest" name="homepage" time="0.001"/>
  <system-out/>
</testsuite> <!-- basics.BeforetestAndAfterTest -->
