<?xml version="1.0" encoding="UTF-8"?>
<!-- Generated by org.testng.reporters.JUnitReportReporter -->
<testsuite hostname="DESKTOP-HNGLKMQ" failures="0" tests="2" name="KeywordPractice.TimeoutsKeywordPractice" time="3.046" errors="0" timestamp="2022-09-22T13:29:38 IST" skipped="0">
  <testcase classname="KeywordPractice.TimeoutsKeywordPractice" name="HomepageTest" time="3.032"/>
  <system-out/>
  <testcase classname="KeywordPractice.TimeoutsKeywordPractice" name="NotificationPageTest" time="0.014"/>
  <system-out/>
</testsuite> <!-- KeywordPractice.TimeoutsKeywordPractice -->
