<?xml version="1.0" encoding="UTF-8"?>
<!-- Generated by org.testng.reporters.JUnitReportReporter -->
<testsuite hostname="DESKTOP-HNGLKMQ" failures="0" tests="6" name="KeywordPractice.InvocationCountPractice" time="0.020" errors="0" timestamp="2022-09-22T12:09:51 IST" skipped="0">
  <testcase classname="KeywordPractice.InvocationCountPractice" name="HomepageTest" time="0.006"/>
  <system-out/>
  <testcase classname="KeywordPractice.InvocationCountPractice" name="NotificationPageTest" time="0.002"/>
  <system-out/>
  <testcase classname="KeywordPractice.InvocationCountPractice" name="NotificationPageTest" time="0.004"/>
  <system-out/>
  <testcase classname="KeywordPractice.InvocationCountPractice" name="NotificationPageTest" time="0.001"/>
  <system-out/>
  <testcase classname="KeywordPractice.InvocationCountPractice" name="NotificationPageTest" time="0.003"/>
  <system-out/>
  <testcase classname="KeywordPractice.InvocationCountPractice" name="NotificationPageTest" time="0.004"/>
  <system-out/>
</testsuite> <!-- KeywordPractice.InvocationCountPractice -->
