<?xml version="1.0" encoding="UTF-8"?>
<!-- Generated by org.testng.reporters.JUnitReportReporter -->
<testsuite hostname="DESKTOP-HNGLKMQ" failures="0" tests="3" name="BasicConcerptSuiteTestClass.Test2SuiteTestClass" time="0.004" errors="0" timestamp="2022-09-22T11:33:10 IST" skipped="0">
  <testcase classname="BasicConcerptSuiteTestClass.Test2SuiteTestClass" name="m4" time="0.001"/>
  <system-out/>
  <testcase classname="BasicConcerptSuiteTestClass.Test2SuiteTestClass" name="m5" time="0.001"/>
  <system-out/>
  <testcase classname="BasicConcerptSuiteTestClass.Test2SuiteTestClass" name="m6" time="0.002"/>
  <system-out/>
</testsuite> <!-- BasicConcerptSuiteTestClass.Test2SuiteTestClass -->
