<?xml version="1.0" encoding="UTF-8"?>
<!-- Generated by org.testng.reporters.JUnitReportReporter -->
<testsuite hostname="DESKTOP-HNGLKMQ" failures="0" tests="3" name="Basic2.TestCase1" time="0.015" errors="0" timestamp="2022-09-21T11:57:02 IST" skipped="0">
  <testcase classname="Basic2.TestCase1" name="m3" time="0.002"/>
  <system-out/>
  <testcase classname="Basic2.TestCase1" name="m1" time="0.009"/>
  <system-out/>
  <testcase classname="Basic2.TestCase1" name="m2" time="0.004"/>
  <system-out/>
</testsuite> <!-- Basic2.TestCase1 -->
