<?xml version="1.0" encoding="UTF-8"?>
<!-- Generated by org.testng.reporters.JUnitReportReporter -->
<testsuite hostname="DESKTOP-HNGLKMQ" failures="0" tests="3" name="basics.Introduction" time="0.013" errors="0" timestamp="2022-09-19T15:50:51 IST" skipped="0">
  <testcase classname="basics.Introduction" name="OpenUrl" time="0.010"/>
  <system-out/>
  <testcase classname="basics.Introduction" name="login" time="0.002"/>
  <system-out/>
  <testcase classname="basics.Introduction" name="logout" time="0.001"/>
  <system-out/>
</testsuite> <!-- basics.Introduction -->
