<?xml version="1.0" encoding="UTF-8"?>
<!-- Generated by org.testng.reporters.JUnitReportReporter -->
<testsuite hostname="DESKTOP-HNGLKMQ" failures="0" tests="6" name="CrossBrowser.AllBrowser" time="4.893" errors="0" timestamp="2022-10-08T23:03:15 IST" skipped="0">
  <testcase classname="CrossBrowser.AllBrowser" name="CrossbrowserTesting" time="4.427"/>
  <system-out/>
  <testcase classname="CrossBrowser.AllBrowser" name="VerifyCurrentUrl" time="0.036"/>
  <system-out/>
  <testcase classname="CrossBrowser.AllBrowser" name="getTitle" time="0.030"/>
  <system-out/>
  <testcase classname="CrossBrowser.AllBrowser" name="UsernameField" time="0.199"/>
  <system-out/>
  <testcase classname="CrossBrowser.AllBrowser" name="passwordField" time="0.123"/>
  <system-out/>
  <testcase classname="CrossBrowser.AllBrowser" name="ButtonField" time="0.078"/>
  <system-out/>
</testsuite> <!-- CrossBrowser.AllBrowser -->
