<?xml version="1.0" encoding="UTF-8"?>
<!-- Generated by org.testng.reporters.JUnitReportReporter -->
<testsuite hostname="DESKTOP-HNGLKMQ" failures="0" tests="1" name="Pom2.LoginTest" time="0.753" errors="0" timestamp="2022-10-03T00:54:13 IST" skipped="0">
  <testcase classname="Pom2.LoginTest" name="FacebookLoginPageTest" time="0.753"/>
  <system-out>
    <![CDATA[VerifyLoginPageLogo
VerifyLoginPageTagline
VerifyFacebookLoginPageCreateNewBtn
VerifyLoginPageForgotPasswordLink
VerifyFacebookLoginPageFooterlinksSize
SetFacebookLoginPageUsername
SetFacebookLoginPagePassword
ClickFacebookLoginPageBtn]]>
  </system-out>
</testsuite> <!-- Pom2.LoginTest -->
