<?xml version="1.0" encoding="UTF-8"?>
<!-- Generated by org.testng.reporters.JUnitReportReporter -->
<testsuite hostname="DESKTOP-HNGLKMQ" failures="0" tests="3" name="KeywordPractice.EnabledKeywordPractice" time="0.012" errors="0" timestamp="2022-09-22T12:41:13 IST" skipped="1">
  <testcase classname="KeywordPractice.EnabledKeywordPractice" name="SettingUpPage" time="0.009"/>
  <system-out/>
  <testcase classname="KeywordPractice.EnabledKeywordPractice" name="HomepageTest" time="0.003"/>
  <system-out/>
  <testcase classname="KeywordPractice.EnabledKeywordPractice" name="NotificationPageTest">
    <skipped/>
  </testcase> <!-- NotificationPageTest -->
  <system-out/>
</testsuite> <!-- KeywordPractice.EnabledKeywordPractice -->
