<?xml version="1.0" encoding="UTF-8"?>
<!-- Generated by org.testng.reporters.JUnitReportReporter -->
<testsuite hostname="DESKTOP-HNGLKMQ" failures="0" tests="2" name="HardAssert.Softassert1" time="0.018" errors="0" timestamp="2022-09-27T14:26:49 IST" skipped="0">
  <testcase classname="HardAssert.Softassert1" name="sample" time="0.016"/>
  <system-out/>
  <testcase classname="HardAssert.Softassert1" name="sample1" time="0.002"/>
  <system-out/>
</testsuite> <!-- HardAssert.Softassert1 -->
