<?xml version="1.0" encoding="UTF-8"?>
<!-- Generated by org.testng.reporters.JUnitReportReporter -->
<testsuite hostname="DESKTOP-HNGLKMQ" failures="0" tests="1" name="GroupingInTestNG.TestCase3" time="0.001" errors="0" timestamp="2022-09-23T13:18:15 IST" skipped="0">
  <testcase classname="GroupingInTestNG.TestCase3" name="Test9" time="0.001"/>
  <system-out/>
</testsuite> <!-- GroupingInTestNG.TestCase3 -->
