<?xml version="1.0" encoding="UTF-8"?>
<!-- Generated by org.testng.reporters.JUnitReportReporter -->
<testsuite hostname="DESKTOP-HNGLKMQ" failures="0" tests="3" name="basics.BeforeMethodAfterMethod" time="0.022" errors="0" timestamp="2022-09-21T12:32:31 IST" skipped="0">
  <testcase classname="basics.BeforeMethodAfterMethod" name="notificationpage" time="0.010"/>
  <system-out/>
  <testcase classname="basics.BeforeMethodAfterMethod" name="profilepage" time="0.007"/>
  <system-out/>
  <testcase classname="basics.BeforeMethodAfterMethod" name="homepage" time="0.005"/>
  <system-out/>
</testsuite> <!-- basics.BeforeMethodAfterMethod -->
