<?xml version="1.0" encoding="UTF-8"?>
<!-- Generated by org.testng.reporters.JUnitReportReporter -->
<testsuite hostname="DESKTOP-HNGLKMQ" failures="0" tests="3" name="BasicConcerptSuiteTestClass.Test1SuiteTestClass" time="0.008" errors="0" timestamp="2022-09-22T11:33:10 IST" skipped="0">
  <testcase classname="BasicConcerptSuiteTestClass.Test1SuiteTestClass" name="m2" time="0.001"/>
  <system-out/>
  <testcase classname="BasicConcerptSuiteTestClass.Test1SuiteTestClass" name="m1" time="0.006"/>
  <system-out/>
  <testcase classname="BasicConcerptSuiteTestClass.Test1SuiteTestClass" name="m3" time="0.001"/>
  <system-out/>
</testsuite> <!-- BasicConcerptSuiteTestClass.Test1SuiteTestClass -->
